2016-10-18 10:19:57 INFO  [org.springframework.boot.StartupInfoLogger:48] - Starting XescmOfcApplication on DESKTOP-50GKM59 with PID 5916 (F:\workspace\xescm-ofc\target\classes started by ydx in F:\workspace\xescm-ofc)
2016-10-18 10:19:57 INFO  [org.springframework.boot.SpringApplication:665] - The following profiles are active: test
2016-10-18 10:19:57 INFO  [org.springframework.context.support.AbstractApplicationContext:581] - Refreshing org.springframework.boot.context.embedded.AnnotationConfigEmbeddedWebApplicationContext@153de6c: startup date [Tue Oct 18 10:19:57 CST 2016]; root of context hierarchy
2016-10-18 10:19:58 INFO  [org.hibernate.validator.internal.util.Version:30] - HV000001: Hibernate Validator 5.2.4.Final
2016-10-18 10:20:00 WARN  [org.mybatis.spring.mapper.ClassPathMapperScanner:226] - Skipping MapperFactoryBean with name 'ofcDistributionBasicInfoMapper' and 'com.xescm.ofc.mapper.OfcDistributionBasicInfoMapper' mapperInterface. Bean already defined with the same name!
2016-10-18 10:20:00 WARN  [org.mybatis.spring.mapper.ClassPathMapperScanner:226] - Skipping MapperFactoryBean with name 'ofcFinanceInformationMapper' and 'com.xescm.ofc.mapper.OfcFinanceInformationMapper' mapperInterface. Bean already defined with the same name!
2016-10-18 10:20:00 WARN  [org.mybatis.spring.mapper.ClassPathMapperScanner:226] - Skipping MapperFactoryBean with name 'ofcFundamentalInformationMapper' and 'com.xescm.ofc.mapper.OfcFundamentalInformationMapper' mapperInterface. Bean already defined with the same name!
2016-10-18 10:20:00 WARN  [org.mybatis.spring.mapper.ClassPathMapperScanner:226] - Skipping MapperFactoryBean with name 'ofcGoodsDetailsInfoMapper' and 'com.xescm.ofc.mapper.OfcGoodsDetailsInfoMapper' mapperInterface. Bean already defined with the same name!
2016-10-18 10:20:00 WARN  [org.mybatis.spring.mapper.ClassPathMapperScanner:226] - Skipping MapperFactoryBean with name 'ofcOrderScreenMapper' and 'com.xescm.ofc.mapper.OfcOrderScreenMapper' mapperInterface. Bean already defined with the same name!
2016-10-18 10:20:00 WARN  [org.mybatis.spring.mapper.ClassPathMapperScanner:226] - Skipping MapperFactoryBean with name 'ofcOrderStatusMapper' and 'com.xescm.ofc.mapper.OfcOrderStatusMapper' mapperInterface. Bean already defined with the same name!
2016-10-18 10:20:00 WARN  [org.mybatis.spring.mapper.ClassPathMapperScanner:226] - Skipping MapperFactoryBean with name 'ofcWarehouseInformationMapper' and 'com.xescm.ofc.mapper.OfcWarehouseInformationMapper' mapperInterface. Bean already defined with the same name!
2016-10-18 10:20:00 WARN  [org.mybatis.spring.mapper.ClassPathMapperScanner:158] - No MyBatis mapper was found in '[com.xescm.ofc.mapper]' package. Please check your configuration.
2016-10-18 10:20:00 WARN  [org.springframework.context.annotation.ConfigurationClassPostProcessor:389] - Cannot enhance @Configuration bean definition 'myBatisMapperScannerConfig' since its singleton instance has been created too early. The typical cause is a non-static @Bean method with a BeanDefinitionRegistryPostProcessor return type: Consider declaring such methods as 'static'.
2016-10-18 10:20:00 INFO  [org.springframework.context.support.PostProcessorRegistrationDelegate$BeanPostProcessorChecker:328] - Bean 'myBatisConfig' of type [class com.xescm.ofc.config.MyBatisConfig$$EnhancerBySpringCGLIB$$f40ef18a] is not eligible for getting processed by all BeanPostProcessors (for example: not eligible for auto-proxying)
2016-10-18 10:20:01 INFO  [org.springframework.context.support.PostProcessorRegistrationDelegate$BeanPostProcessorChecker:328] - Bean 'dataSource' of type [class org.apache.tomcat.jdbc.pool.DataSource] is not eligible for getting processed by all BeanPostProcessors (for example: not eligible for auto-proxying)
2016-10-18 10:20:03 INFO  [org.springframework.context.support.PostProcessorRegistrationDelegate$BeanPostProcessorChecker:328] - Bean 'sqlSessionFactoryBean' of type [class org.apache.ibatis.session.defaults.DefaultSqlSessionFactory] is not eligible for getting processed by all BeanPostProcessors (for example: not eligible for auto-proxying)
2016-10-18 10:20:03 INFO  [org.springframework.context.support.PostProcessorRegistrationDelegate$BeanPostProcessorChecker:328] - Bean 'ofcWarehouseInformationMapper' of type [class tk.mybatis.spring.mapper.MapperFactoryBean] is not eligible for getting processed by all BeanPostProcessors (for example: not eligible for auto-proxying)
2016-10-18 10:20:04 INFO  [org.springframework.context.support.PostProcessorRegistrationDelegate$BeanPostProcessorChecker:328] - Bean 'ofcOrderStatusMapper' of type [class tk.mybatis.spring.mapper.MapperFactoryBean] is not eligible for getting processed by all BeanPostProcessors (for example: not eligible for auto-proxying)
2016-10-18 10:20:04 INFO  [org.springframework.context.support.PostProcessorRegistrationDelegate$BeanPostProcessorChecker:328] - Bean 'ofcOrderScreenMapper' of type [class tk.mybatis.spring.mapper.MapperFactoryBean] is not eligible for getting processed by all BeanPostProcessors (for example: not eligible for auto-proxying)
2016-10-18 10:20:04 INFO  [org.springframework.context.support.PostProcessorRegistrationDelegate$BeanPostProcessorChecker:328] - Bean 'ofcGoodsDetailsInfoMapper' of type [class tk.mybatis.spring.mapper.MapperFactoryBean] is not eligible for getting processed by all BeanPostProcessors (for example: not eligible for auto-proxying)
2016-10-18 10:20:04 INFO  [org.springframework.context.support.PostProcessorRegistrationDelegate$BeanPostProcessorChecker:328] - Bean 'ofcFundamentalInformationMapper' of type [class tk.mybatis.spring.mapper.MapperFactoryBean] is not eligible for getting processed by all BeanPostProcessors (for example: not eligible for auto-proxying)
2016-10-18 10:20:04 INFO  [org.springframework.context.support.PostProcessorRegistrationDelegate$BeanPostProcessorChecker:328] - Bean 'ofcFinanceInformationMapper' of type [class tk.mybatis.spring.mapper.MapperFactoryBean] is not eligible for getting processed by all BeanPostProcessors (for example: not eligible for auto-proxying)
2016-10-18 10:20:04 INFO  [org.springframework.context.support.PostProcessorRegistrationDelegate$BeanPostProcessorChecker:328] - Bean 'ofcDistributionBasicInfoMapper' of type [class tk.mybatis.spring.mapper.MapperFactoryBean] is not eligible for getting processed by all BeanPostProcessors (for example: not eligible for auto-proxying)
2016-10-18 10:20:04 INFO  [org.springframework.context.support.PostProcessorRegistrationDelegate$BeanPostProcessorChecker:328] - Bean 'org.springframework.transaction.annotation.ProxyTransactionManagementConfiguration' of type [class org.springframework.transaction.annotation.ProxyTransactionManagementConfiguration$$EnhancerBySpringCGLIB$$e5f088ef] is not eligible for getting processed by all BeanPostProcessors (for example: not eligible for auto-proxying)
2016-10-18 10:20:06 INFO  [org.springframework.boot.context.embedded.tomcat.TomcatEmbeddedServletContainer:87] - Tomcat initialized with port(s): 8080 (http)
2016-10-18 10:20:06 INFO  [org.apache.juli.logging.DirectJDKLog:179] - Starting service Tomcat
2016-10-18 10:20:06 INFO  [org.apache.juli.logging.DirectJDKLog:179] - Starting Servlet Engine: Apache Tomcat/8.5.5
2016-10-18 10:20:06 INFO  [org.apache.juli.logging.DirectJDKLog:179] - Initializing Spring embedded WebApplicationContext
2016-10-18 10:20:06 INFO  [org.springframework.boot.context.embedded.EmbeddedWebApplicationContext:276] - Root WebApplicationContext: initialization completed in 9139 ms
2016-10-18 10:20:07 INFO  [org.springframework.boot.web.servlet.AbstractFilterRegistrationBean:258] - Mapping filter: 'characterEncodingFilter' to: [/*]
2016-10-18 10:20:07 INFO  [org.springframework.boot.web.servlet.AbstractFilterRegistrationBean:258] - Mapping filter: 'hiddenHttpMethodFilter' to: [/*]
2016-10-18 10:20:07 INFO  [org.springframework.boot.web.servlet.AbstractFilterRegistrationBean:258] - Mapping filter: 'httpPutFormContentFilter' to: [/*]
2016-10-18 10:20:07 INFO  [org.springframework.boot.web.servlet.AbstractFilterRegistrationBean:258] - Mapping filter: 'requestContextFilter' to: [/*]
2016-10-18 10:20:07 INFO  [org.springframework.boot.web.servlet.AbstractFilterRegistrationBean:271] - Mapping filter: 'simpleCORSFilter' to urls: [/*]
2016-10-18 10:20:07 INFO  [org.springframework.boot.web.servlet.ServletRegistrationBean:190] - Mapping servlet: 'dispatcherServlet' to [/]
2016-10-18 10:20:08 INFO  [org.springframework.web.servlet.mvc.method.annotation.RequestMappingHandlerAdapter:534] - Looking for @ControllerAdvice: org.springframework.boot.context.embedded.AnnotationConfigEmbeddedWebApplicationContext@153de6c: startup date [Tue Oct 18 10:19:57 CST 2016]; root of context hierarchy
2016-10-18 10:20:08 INFO  [org.springframework.web.servlet.handler.AbstractHandlerMethodMapping$MappingRegistry:543] - Mapped "{[/orderFollowCon]}" onto public java.lang.String com.xescm.ofc.controller.OfcOrderFollowController.orderFollowCon(java.lang.String,java.lang.String,java.util.Map<java.lang.String, java.lang.Object>) throws java.lang.reflect.InvocationTargetException
2016-10-18 10:20:08 INFO  [org.springframework.web.servlet.handler.AbstractHandlerMethodMapping$MappingRegistry:543] - Mapped "{[/orderDetails]}" onto public java.lang.String com.xescm.ofc.controller.OfcOrderFollowController.orderDetails(java.lang.String,java.lang.String,java.util.Map<java.lang.String, java.lang.Object>) throws java.lang.reflect.InvocationTargetException
2016-10-18 10:20:08 INFO  [org.springframework.web.servlet.handler.AbstractHandlerMethodMapping$MappingRegistry:543] - Mapped "{[/orderFollow]}" onto public java.lang.String com.xescm.ofc.controller.OfcOrderFollowController.orderFollow(java.lang.String,java.lang.String,java.util.Map<java.lang.String, java.lang.Object>)
2016-10-18 10:20:08 INFO  [org.springframework.web.servlet.handler.AbstractHandlerMethodMapping$MappingRegistry:543] - Mapped "{[/getOrderDetailByCode]}" onto public java.lang.String com.xescm.ofc.controller.OfcOrderManageController.getOrderDetailByCode(java.lang.String,java.lang.String,java.util.Map<java.lang.String, java.lang.Object>)
2016-10-18 10:20:08 INFO  [org.springframework.web.servlet.handler.AbstractHandlerMethodMapping$MappingRegistry:543] - Mapped "{[/orderManage]}" onto public java.lang.String com.xescm.ofc.controller.OfcOrderManageController.orderManage()
2016-10-18 10:20:08 INFO  [org.springframework.web.servlet.handler.AbstractHandlerMethodMapping$MappingRegistry:543] - Mapped "{[/orderDelete]}" onto public void com.xescm.ofc.controller.OfcOrderManageController.orderDelete(java.lang.String,java.lang.String,javax.servlet.http.HttpServletResponse)
2016-10-18 10:20:08 INFO  [org.springframework.web.servlet.handler.AbstractHandlerMethodMapping$MappingRegistry:543] - Mapped "{[/orderCancel]}" onto public void com.xescm.ofc.controller.OfcOrderManageController.orderCancel(java.lang.String,java.lang.String,javax.servlet.http.HttpServletResponse)
2016-10-18 10:20:08 INFO  [org.springframework.web.servlet.handler.AbstractHandlerMethodMapping$MappingRegistry:543] - Mapped "{[/orderOrNotAudit]}" onto public void com.xescm.ofc.controller.OfcOrderManageController.orderAudit(java.lang.String,java.lang.String,java.lang.String,javax.servlet.http.HttpServletResponse)
2016-10-18 10:20:08 INFO  [org.springframework.web.servlet.handler.AbstractHandlerMethodMapping$MappingRegistry:543] - Mapped "{[/orderPlaceCon]}" onto public java.lang.String com.xescm.ofc.controller.OfcOrderPlaceOrderController.orderPlace(com.xescm.ofc.domain.OfcOrderDTO,java.lang.String,javax.servlet.http.HttpServletResponse)
2016-10-18 10:20:08 INFO  [org.springframework.web.servlet.handler.AbstractHandlerMethodMapping$MappingRegistry:543] - Mapped "{[/goodsScans]}" onto public java.lang.String com.xescm.ofc.controller.OfcOrderPlaceOrderController.placeOrder(com.xescm.ofc.domain.OfcGoodsDetailsInfo)
2016-10-18 10:20:08 INFO  [org.springframework.web.servlet.handler.AbstractHandlerMethodMapping$MappingRegistry:543] - Mapped "{[/orderPlace]}" onto public org.springframework.web.servlet.ModelAndView com.xescm.ofc.controller.OfcOrderPlaceOrderController.index(javax.servlet.http.HttpServletRequest,javax.servlet.http.HttpServletResponse)
2016-10-18 10:20:08 INFO  [org.springframework.web.servlet.handler.AbstractHandlerMethodMapping$MappingRegistry:543] - Mapped "{[/orderScreenByCondition]}" onto public java.lang.String com.xescm.ofc.controller.OfcOrderScreenController.orderScreenByCondition(com.xescm.ofc.domain.OrderScreenCondition,java.util.Map<java.lang.String, java.lang.Object>,java.lang.String) throws java.io.IOException
2016-10-18 10:20:08 INFO  [org.springframework.web.servlet.handler.AbstractHandlerMethodMapping$MappingRegistry:543] - Mapped "{[/orderScreen]}" onto public java.lang.String com.xescm.ofc.controller.OfcOrderScreenController.orderScreen()
2016-10-18 10:20:08 INFO  [org.springframework.web.servlet.handler.AbstractHandlerMethodMapping$MappingRegistry:543] - Mapped "{[/error],produces=[text/html]}" onto public org.springframework.web.servlet.ModelAndView org.springframework.boot.autoconfigure.web.BasicErrorController.errorHtml(javax.servlet.http.HttpServletRequest,javax.servlet.http.HttpServletResponse)
2016-10-18 10:20:08 INFO  [org.springframework.web.servlet.handler.AbstractHandlerMethodMapping$MappingRegistry:543] - Mapped "{[/error]}" onto public org.springframework.http.ResponseEntity<java.util.Map<java.lang.String, java.lang.Object>> org.springframework.boot.autoconfigure.web.BasicErrorController.error(javax.servlet.http.HttpServletRequest)
2016-10-18 10:20:08 INFO  [org.springframework.web.servlet.handler.AbstractUrlHandlerMapping:354] - Mapped URL path [/webjars/**] onto handler of type [class org.springframework.web.servlet.resource.ResourceHttpRequestHandler]
2016-10-18 10:20:08 INFO  [org.springframework.web.servlet.handler.AbstractUrlHandlerMapping:354] - Mapped URL path [/**] onto handler of type [class org.springframework.web.servlet.resource.ResourceHttpRequestHandler]
2016-10-18 10:20:08 INFO  [org.springframework.web.servlet.handler.AbstractUrlHandlerMapping:354] - Mapped URL path [/**/favicon.ico] onto handler of type [class org.springframework.web.servlet.resource.ResourceHttpRequestHandler]
2016-10-18 10:20:08 INFO  [org.springframework.web.servlet.view.freemarker.FreeMarkerConfigurer:127] - ClassTemplateLoader for Spring macros added to FreeMarker configuration
2016-10-18 10:20:09 INFO  [org.springframework.jmx.export.MBeanExporter:431] - Registering beans for JMX exposure on startup
2016-10-18 10:20:09 INFO  [org.apache.juli.logging.DirectJDKLog:179] - Initializing ProtocolHandler ["http-nio-8080"]
2016-10-18 10:20:09 INFO  [org.apache.juli.logging.DirectJDKLog:179] - Starting ProtocolHandler [http-nio-8080]
2016-10-18 10:20:09 INFO  [org.apache.juli.logging.DirectJDKLog:179] - Using a shared selector for servlet write/read
2016-10-18 10:20:09 INFO  [org.springframework.boot.context.embedded.tomcat.TomcatEmbeddedServletContainer:185] - Tomcat started on port(s): 8080 (http)
2016-10-18 10:20:09 INFO  [org.springframework.boot.StartupInfoLogger:57] - Started XescmOfcApplication in 13.893 seconds (JVM running for 17.072)
2016-10-18 10:21:09 INFO  [org.apache.juli.logging.DirectJDKLog:179] - Initializing Spring FrameworkServlet 'dispatcherServlet'
2016-10-18 10:21:09 INFO  [org.springframework.web.servlet.FrameworkServlet:489] - FrameworkServlet 'dispatcherServlet': initialization started
2016-10-18 10:21:09 INFO  [org.springframework.web.servlet.FrameworkServlet:508] - FrameworkServlet 'dispatcherServlet': initialization completed in 19 ms
